<!DOCTYPE html PUBLIC "-//W3C//DTD XHTML 1.1//EN" "http://www.w3.org/TR/xhtml11/DTD/xhtml11.dtd">
<html xmlns="http://www.w3.org/1999/xhtml">
<head>
<meta http-equiv="content-type" content="text/html; charset=UTF-8"/>
<title>TestNG Report</title>
<style type="text/css">table {margin-bottom:10px;border-collapse:collapse;empty-cells:show}th,td {border:1px solid #009;padding:.25em .5em}th {vertical-align:bottom}td {vertical-align:top}table a {font-weight:bold}.stripe td {background-color: #E6EBF9}.num {text-align:right}.passedodd td {background-color: #3F3}.passedeven td {background-color: #0A0}.skippedodd td {background-color: #DDD}.skippedeven td {background-color: #CCC}.failedodd td,.attn {background-color: #F33}.failedeven td,.stripe .attn {background-color: #D00}.stacktrace {white-space:pre;font-family:monospace}.totop {font-size:85%;text-align:center;border-bottom:2px solid #000}.invisible {display:none}</style>
</head>
<body>
<table>
<tr><th>Test</th><th># Passed</th><th># Skipped</th><th># Failed</th><th>Time (ms)</th><th>Included Groups</th><th>Excluded Groups</th></tr>
<tr><th colspan="7">TC_001</th></tr>
<tr><td><a href="#t0">TC_01_Epam</a></td><td class="num">6</td><td class="num">0</td><td class="num attn">4</td><td class="num">38,047</td><td></td><td></td></tr>
</table>
<table id='summary'><thead><tr><th>Class</th><th>Method</th><th>Start</th><th>Time (ms)</th></tr></thead><tbody><tr><th colspan="4">TC_001</th></tr></tbody><tbody id="t0"><tr><th colspan="4">TC_01_Epam &#8212; failed</th></tr><tr class="failedeven"><td rowspan="2">com.demo.tests.TestCase_04</td><td><a href="#m0">addAccountInfo</a></td><td rowspan="1">1580997256598</td><td rowspan="1">389</td></tr><tr class="failedeven"><td><a href="#m1">newUser</a></td><td rowspan="1">1580997255699</td><td rowspan="1">412</td></tr><tr class="failedodd"><td rowspan="1">com.demo.tests.TestCase_02</td><td><a href="#m2">loadHomePage</a></td><td rowspan="1">1580997257378</td><td rowspan="1">2883</td></tr><tr class="failedeven"><td rowspan="1">com.demo.tests.TestCase_03</td><td><a href="#m3">search</a></td><td rowspan="1">1580997291825</td><td rowspan="1">76</td></tr><tr><th colspan="4">TC_01_Epam &#8212; passed</th></tr><tr class="passedeven"><td rowspan="3">com.demo.tests.TestCase_04</td><td><a href="#m4">accessToken</a></td><td rowspan="1">1580997254378</td><td rowspan="1">1317</td></tr><tr class="passedeven"><td><a href="#m5">login</a></td><td rowspan="1">1580997256120</td><td rowspan="1">478</td></tr><tr class="passedeven"><td><a href="#m6">userInfo</a></td><td rowspan="1">1580997256989</td><td rowspan="1">385</td></tr><tr class="passedodd"><td rowspan="2">com.demo.tests.TestCase_02</td><td><a href="#m7">openItemDescription</a></td><td rowspan="1">1580997264880</td><td rowspan="1">5617</td></tr><tr class="passedodd"><td><a href="#m8">searchItem</a></td><td rowspan="1">1580997261267</td><td rowspan="1">3611</td></tr><tr class="passedeven"><td rowspan="1">com.demo.tests.TestCase_03</td><td><a href="#m9">homepage</a></td><td rowspan="1">1580997270499</td><td rowspan="1">21324</td></tr></tbody>
</table>
<h2>TC_01_Epam</h2><h3 id="m0">com.demo.tests.backend.TC_01_Login#addAccountInfo</h3><table class="result"><tr class="param"><th>Parameter #1</th></tr><tr class="param stripe"><td>public
    void com.demo.tests.TestCase_04.addAccountInfo(java.lang.reflect.Method) throws java.lang.Exception</td></tr><tr><th>Exception</th></tr><tr><td><div class="stacktrace">java.lang.AssertionError:
    expected [true] but found [false]
    at org.testng.Assert.fail(Assert.java:96)
    at org.testng.Assert.failNotEquals(Assert.java:776)
    at org.testng.Assert.assertTrue(Assert.java:44)
    at org.testng.Assert.assertTrue(Assert.java:54)
    at com.demo.scripts.api.fly.NewToken.addUserInfo(NewToken.java:89)
    at com.demo.tests.TestCase_04.addAccountInfo(TC_01_Login.java:42)
    at java.base/jdk.internal.reflect.NativeMethodAccessorImpl.invoke0(Native Method)
    at java.base/jdk.internal.reflect.NativeMethodAccessorImpl.invoke(NativeMethodAccessorImpl.java:62)
    at java.base/jdk.internal.reflect.DelegatingMethodAccessorImpl.invoke(DelegatingMethodAccessorImpl.java:43)
    at java.base/java.lang.reflect.Method.invoke(Method.java:566)
    at org.testng.internal.MethodInvocationHelper.invokeMethod(MethodInvocationHelper.java:124)
    at org.testng.internal.Invoker.invokeMethod(Invoker.java:583)
    at org.testng.internal.Invoker.invokeTestMethod(Invoker.java:719)
    at org.testng.internal.Invoker.invokeTestMethods(Invoker.java:989)
    at org.testng.internal.TestMethodWorker.invokeTestMethods(TestMethodWorker.java:125)
    at org.testng.internal.TestMethodWorker.run(TestMethodWorker.java:109)
    at org.testng.TestRunner.privateRun(TestRunner.java:648)
    at org.testng.TestRunner.run(TestRunner.java:505)
    at org.testng.SuiteRunner.runTest(SuiteRunner.java:455)
    at org.testng.SuiteRunner.access$000(SuiteRunner.java:40)
    at org.testng.SuiteRunner$SuiteWorker.run(SuiteRunner.java:489)
    at org.testng.internal.thread.ThreadUtil$1.call(ThreadUtil.java:52)
    at java.base/java.util.concurrent.FutureTask.run(FutureTask.java:264)
    at java.base/java.util.concurrent.ThreadPoolExecutor.runWorker(ThreadPoolExecutor.java:1128)
    at java.base/java.util.concurrent.ThreadPoolExecutor$Worker.run(ThreadPoolExecutor.java:628)
    at java.base/java.lang.Thread.run(Thread.java:834)
</div></td></tr></table><p class="totop"><a href="#summary">back to summary</a></p>
<h3 id="m1">com.demo.tests.backend.TC_01_Login#newUser</h3><table class="result"><tr class="param"><th>Parameter #1</th></tr><tr class="param stripe"><td>public
    void com.demo.tests.TestCase_04.newUser(java.lang.reflect.Method) throws java.lang.Exception</td></tr><tr><th>Exception</th></tr><tr><td><div class="stacktrace">java.lang.AssertionError:
    expected [true] but found [false]
    at org.testng.Assert.fail(Assert.java:96)
    at org.testng.Assert.failNotEquals(Assert.java:776)
    at org.testng.Assert.assertTrue(Assert.java:44)
    at org.testng.Assert.assertTrue(Assert.java:54)
    at com.demo.scripts.api.fly.RegisterUser.getNewUser(RegisterUser.java:87)
    at com.demo.tests.TestCase_04.newUser(TC_01_Login.java:28)
    at java.base/jdk.internal.reflect.NativeMethodAccessorImpl.invoke0(Native Method)
    at java.base/jdk.internal.reflect.NativeMethodAccessorImpl.invoke(NativeMethodAccessorImpl.java:62)
    at java.base/jdk.internal.reflect.DelegatingMethodAccessorImpl.invoke(DelegatingMethodAccessorImpl.java:43)
    at java.base/java.lang.reflect.Method.invoke(Method.java:566)
    at org.testng.internal.MethodInvocationHelper.invokeMethod(MethodInvocationHelper.java:124)
    at org.testng.internal.Invoker.invokeMethod(Invoker.java:583)
    at org.testng.internal.Invoker.invokeTestMethod(Invoker.java:719)
    at org.testng.internal.Invoker.invokeTestMethods(Invoker.java:989)
    at org.testng.internal.TestMethodWorker.invokeTestMethods(TestMethodWorker.java:125)
    at org.testng.internal.TestMethodWorker.run(TestMethodWorker.java:109)
    at org.testng.TestRunner.privateRun(TestRunner.java:648)
    at org.testng.TestRunner.run(TestRunner.java:505)
    at org.testng.SuiteRunner.runTest(SuiteRunner.java:455)
    at org.testng.SuiteRunner.access$000(SuiteRunner.java:40)
    at org.testng.SuiteRunner$SuiteWorker.run(SuiteRunner.java:489)
    at org.testng.internal.thread.ThreadUtil$1.call(ThreadUtil.java:52)
    at java.base/java.util.concurrent.FutureTask.run(FutureTask.java:264)
    at java.base/java.util.concurrent.ThreadPoolExecutor.runWorker(ThreadPoolExecutor.java:1128)
    at java.base/java.util.concurrent.ThreadPoolExecutor$Worker.run(ThreadPoolExecutor.java:628)
    at java.base/java.lang.Thread.run(Thread.java:834)
</div></td></tr></table><p class="totop"><a href="#summary">back to summary</a></p>
<h3 id="m2">com.demo.tests.frontend.TC_01_Items#loadHomePage</h3><table class="result"><tr class="param"><th>Parameter #1</th></tr><tr class="param stripe"><td>public
    void com.demo.tests.TestCase_02.loadHomePage(java.lang.reflect.Method) throws java.lang.Exception</td></tr><tr><th>Exception</th></tr><tr><td><div class="stacktrace">java.lang.AssertionError:
    expected [Amazon.com: Online Shopping for Electronics, Apparel, Computers, Books, DVDs &amp; more] but found
    [AmazonHomePage.com: Online Shopping for Electronics, Apparel, Computers, Books, DVDs &amp; more]
    at org.testng.Assert.fail(Assert.java:96)
    at org.testng.Assert.failNotEquals(Assert.java:776)
    at org.testng.Assert.assertEqualsImpl(Assert.java:137)
    at org.testng.Assert.assertEquals(Assert.java:118)
    at org.testng.Assert.assertEquals(Assert.java:453)
    at org.testng.Assert.assertEquals(Assert.java:463)
    at com.demo.scripts.ui.amazon.Amazon.load(Amazon.java:33)
    at com.demo.tests.TestCase_02.loadHomePage(TC_01_Items.java:40)
    at java.base/jdk.internal.reflect.NativeMethodAccessorImpl.invoke0(Native Method)
    at java.base/jdk.internal.reflect.NativeMethodAccessorImpl.invoke(NativeMethodAccessorImpl.java:62)
    at java.base/jdk.internal.reflect.DelegatingMethodAccessorImpl.invoke(DelegatingMethodAccessorImpl.java:43)
    at java.base/java.lang.reflect.Method.invoke(Method.java:566)
    at org.testng.internal.MethodInvocationHelper.invokeMethod(MethodInvocationHelper.java:124)
    at org.testng.internal.Invoker.invokeMethod(Invoker.java:583)
    at org.testng.internal.Invoker.invokeTestMethod(Invoker.java:719)
    at org.testng.internal.Invoker.invokeTestMethods(Invoker.java:989)
    at org.testng.internal.TestMethodWorker.invokeTestMethods(TestMethodWorker.java:125)
    at org.testng.internal.TestMethodWorker.run(TestMethodWorker.java:109)
    at org.testng.TestRunner.privateRun(TestRunner.java:648)
    at org.testng.TestRunner.run(TestRunner.java:505)
    at org.testng.SuiteRunner.runTest(SuiteRunner.java:455)
    at org.testng.SuiteRunner.access$000(SuiteRunner.java:40)
    at org.testng.SuiteRunner$SuiteWorker.run(SuiteRunner.java:489)
    at org.testng.internal.thread.ThreadUtil$1.call(ThreadUtil.java:52)
    at java.base/java.util.concurrent.FutureTask.run(FutureTask.java:264)
    at java.base/java.util.concurrent.ThreadPoolExecutor.runWorker(ThreadPoolExecutor.java:1128)
    at java.base/java.util.concurrent.ThreadPoolExecutor$Worker.run(ThreadPoolExecutor.java:628)
    at java.base/java.lang.Thread.run(Thread.java:834)
</div></td></tr></table><p class="totop"><a href="#summary">back to summary</a></p>
<h3 id="m3">com.demo.tests.frontend.TC_02_CarCheck#search</h3><table class="result"><tr class="param"><th>Parameter #1</th></tr><tr class="param stripe"><td>public
    void com.demo.tests.TestCase_03.search(java.lang.reflect.Method) throws java.io.IOException</td></tr><tr><th>Exception</th></tr><tr><td><div class="stacktrace">org.openqa.selenium.NoSuchElementException:
    no such element: Unable to locate element: {&quot;method&quot;:&quot;name&quot;,&quot;selector&quot;:&quot;vehicleReg&quot;}
    (Session info: chrome=79.0.3945.130)
    (Driver info: chromedriver=72.0.3626.7 (efcef9a3ecda02b2132af215116a03852d08b9cb),platform=Windows NT 6.1.7601 SP1
    x86_64) (WARNING: The server did not provide any stacktrace information)
    Command duration or timeout: 0 milliseconds
    For documentation on this error, please visit: https://www.seleniumhq.org/exceptions/no_such_element.html
    Build info: version: &apos;unknown&apos;, revision: &apos;unknown&apos;, time: &apos;unknown&apos;
    System info: host: &apos;STATIONONE-PC&apos;, ip: &apos;192.168.56.1&apos;, os.name: &apos;Windows 7&apos;, os.arch:
    &apos;amd64&apos;, os.version: &apos;6.1&apos;, java.version: &apos;11.0.5&apos;
    Driver info: org.openqa.selenium.chrome.ChromeDriver
    Capabilities {acceptInsecureCerts: false, acceptSslCerts: false, applicationCacheEnabled: false,
    browserConnectionEnabled: false, browserName: chrome, chrome: {chromedriverVersion: 72.0.3626.7 (efcef9a3ecda02...,
    userDataDir: C:\Users\STATIO~1\AppData\L...}, cssSelectorsEnabled: true, databaseEnabled: false, goog:chromeOptions:
    {debuggerAddress: localhost:49542}, handlesAlerts: true, hasTouchScreen: false, javascriptEnabled: true,
    locationContextEnabled: true, mobileEmulationEnabled: false, nativeEvents: true, networkConnectionEnabled: false,
    pageLoadStrategy: normal, platform: XP, platformName: XP, proxy: Proxy(), rotatable: false, setWindowRect: true,
    takesHeapSnapshot: true, takesScreenshot: true, timeouts: {implicit: 0, pageLoad: 300000, script: 30000},
    unexpectedAlertBehaviour: ignore, unhandledPromptBehavior: ignore, version: 79.0.3945.130, webStorageEnabled: true}
    Session ID: 29e081da02ff90a3c4af6309e9919a25
    *** Element info: {Using=name, value=vehicleReg}
    at java.base/jdk.internal.reflect.NativeConstructorAccessorImpl.newInstance0(Native Method)
    at java.base/jdk.internal.reflect.NativeConstructorAccessorImpl.newInstance(NativeConstructorAccessorImpl.java:62)
    at
    java.base/jdk.internal.reflect.DelegatingConstructorAccessorImpl.newInstance(DelegatingConstructorAccessorImpl.java:45)
    at java.base/java.lang.reflect.Constructor.newInstance(Constructor.java:490)
    at org.openqa.selenium.remote.ErrorHandler.createThrowable(ErrorHandler.java:214)
    at org.openqa.selenium.remote.ErrorHandler.throwIfResponseFailed(ErrorHandler.java:166)
    at org.openqa.selenium.remote.http.JsonHttpResponseCodec.reconstructValue(JsonHttpResponseCodec.java:40)
    at org.openqa.selenium.remote.http.AbstractHttpResponseCodec.decode(AbstractHttpResponseCodec.java:80)
    at org.openqa.selenium.remote.http.AbstractHttpResponseCodec.decode(AbstractHttpResponseCodec.java:44)
    at org.openqa.selenium.remote.HttpCommandExecutor.execute(HttpCommandExecutor.java:158)
    at org.openqa.selenium.remote.service.DriverCommandExecutor.execute(DriverCommandExecutor.java:83)
    at org.openqa.selenium.remote.RemoteWebDriver.execute(RemoteWebDriver.java:552)
    at org.openqa.selenium.remote.RemoteWebDriver.findElement(RemoteWebDriver.java:323)
    at org.openqa.selenium.remote.RemoteWebDriver.findElementByName(RemoteWebDriver.java:404)
    at org.openqa.selenium.By$ByName.findElement(By.java:284)
    at org.openqa.selenium.support.ByIdOrName.findElement(ByIdOrName.java:50)
    at org.openqa.selenium.remote.RemoteWebDriver.findElement(RemoteWebDriver.java:315)
    at org.openqa.selenium.support.pagefactory.DefaultElementLocator.findElement(DefaultElementLocator.java:69)
    at org.openqa.selenium.support.pagefactory.internal.LocatingElementHandler.invoke(LocatingElementHandler.java:38)
    at com.sun.proxy.$Proxy17.sendKeys(Unknown Source)
    at com.demo.scripts.ui.questers.Questers.carSearch(Questers.java:30)
    at com.demo.tests.TestCase_03.search(TC_02_CarCheck.java:40)
    at java.base/jdk.internal.reflect.NativeMethodAccessorImpl.invoke0(Native Method)
    at java.base/jdk.internal.reflect.NativeMethodAccessorImpl.invoke(NativeMethodAccessorImpl.java:62)
    at java.base/jdk.internal.reflect.DelegatingMethodAccessorImpl.invoke(DelegatingMethodAccessorImpl.java:43)
    at java.base/java.lang.reflect.Method.invoke(Method.java:566)
    at org.testng.internal.MethodInvocationHelper.invokeMethod(MethodInvocationHelper.java:124)
    at org.testng.internal.Invoker.invokeMethod(Invoker.java:583)
    at org.testng.internal.Invoker.invokeTestMethod(Invoker.java:719)
    at org.testng.internal.Invoker.invokeTestMethods(Invoker.java:989)
    at org.testng.internal.TestMethodWorker.invokeTestMethods(TestMethodWorker.java:125)
    at org.testng.internal.TestMethodWorker.run(TestMethodWorker.java:109)
    at org.testng.TestRunner.privateRun(TestRunner.java:648)
    at org.testng.TestRunner.run(TestRunner.java:505)
    at org.testng.SuiteRunner.runTest(SuiteRunner.java:455)
    at org.testng.SuiteRunner.access$000(SuiteRunner.java:40)
    at org.testng.SuiteRunner$SuiteWorker.run(SuiteRunner.java:489)
    at org.testng.internal.thread.ThreadUtil$1.call(ThreadUtil.java:52)
    at java.base/java.util.concurrent.FutureTask.run(FutureTask.java:264)
    at java.base/java.util.concurrent.ThreadPoolExecutor.runWorker(ThreadPoolExecutor.java:1128)
    at java.base/java.util.concurrent.ThreadPoolExecutor$Worker.run(ThreadPoolExecutor.java:628)
    at java.base/java.lang.Thread.run(Thread.java:834)
</div></td></tr></table><p class="totop"><a href="#summary">back to summary</a></p>
<h3 id="m4">com.demo.tests.backend.TC_01_Login#accessToken</h3><table class="result"><tr class="param"><th>Parameter #1</th></tr><tr class="param stripe"><td>public
    void com.demo.tests.TestCase_04.accessToken(java.lang.reflect.Method) throws java.lang.Exception</td></tr></table><p class="totop"><a href="#summary">back to summary</a></p>
<h3 id="m5">com.demo.tests.backend.TC_01_Login#login</h3><table class="result"><tr class="param"><th>Parameter #1</th></tr><tr class="param stripe"><td>public
    void com.demo.tests.TestCase_04.login(java.lang.reflect.Method) throws java.lang.Exception</td></tr></table><p class="totop"><a href="#summary">back to summary</a></p>
<h3 id="m6">com.demo.tests.backend.TC_01_Login#userInfo</h3><table class="result"><tr class="param"><th>Parameter #1</th></tr><tr class="param stripe"><td>public
    void com.demo.tests.TestCase_04.userInfo(java.lang.reflect.Method) throws java.lang.Exception</td></tr></table><p class="totop"><a href="#summary">back to summary</a></p>
<h3 id="m7">com.demo.tests.frontend.TC_01_Items#openItemDescription</h3><table class="result"><tr class="param"><th>Parameter #1</th></tr><tr class="param stripe"><td>public
    void com.demo.tests.TestCase_02.openItemDescription(java.lang.reflect.Method) throws java.lang.Exception</td></tr></table><p class="totop"><a href="#summary">back to summary</a></p>
<h3 id="m8">com.demo.tests.frontend.TC_01_Items#searchItem</h3><table class="result"><tr class="param"><th>Parameter #1</th></tr><tr class="param stripe"><td>public
    void com.demo.tests.TestCase_02.searchItem(java.lang.reflect.Method) throws java.lang.Exception</td></tr></table><p class="totop"><a href="#summary">back to summary</a></p>
<h3 id="m9">com.demo.tests.frontend.TC_02_CarCheck#homepage</h3><table class="result"><tr class="param"><th>Parameter #1</th></tr><tr class="param stripe"><td>public
    void com.demo.tests.TestCase_03.homepage(java.lang.reflect.Method) throws java.lang.Exception</td></tr></table><p class="totop"><a href="#summary">back to summary</a></p>
</body>
</html>
