<?xml version="1.0" encoding="UTF-8"?>
<!-- Generated by org.testng.reporters.JUnitReportReporter -->
<testsuite skipped="0" hostname="BUL0000508.local" name="com.test_suites.examples.TC_02_Example_HttpClient.PayPal.ID_02_Test1" tests="1" failures="0" timestamp="30 Jun 2019 21:19:06 GMT" time="1.482" errors="1">
  <testcase name="test" time="1.482" classname="com.test_suites.examples.TC_02_Example_HttpClient.PayPal.ID_02_Test1">
    <error type="org.json.JSONException" message="JSONObject[&quot;access_token&quot;] not found.">
        <![CDATA[org.json.JSONException: JSONObject["access_token"] not found.
at org.json.JSONObject.get(JSONObject.java:473)
at org.json.JSONObject.getString(JSONObject.java:654)
at com.test_suites.examples.TC_02_Example_HttpClient.PayPal.ID_02_Test1.test(ID_02_Test.java:79)
at sun.reflect.NativeMethodAccessorImpl.invoke0(Native Method)
at sun.reflect.NativeMethodAccessorImpl.invoke(NativeMethodAccessorImpl.java:62)
at sun.reflect.DelegatingMethodAccessorImpl.invoke(DelegatingMethodAccessorImpl.java:43)
at java.lang.reflect.Method.invoke(Method.java:498)
at org.testng.internal.MethodInvocationHelper.invokeMethod(MethodInvocationHelper.java:124)
at org.testng.internal.Invoker.invokeMethod(Invoker.java:580)
at org.testng.internal.Invoker.invokeTestMethod(Invoker.java:716)
at org.testng.internal.Invoker.invokeTestMethods(Invoker.java:988)
at org.testng.internal.TestMethodWorker.invokeTestMethods(TestMethodWorker.java:125)
at org.testng.internal.TestMethodWorker.run(TestMethodWorker.java:109)
at org.testng.TestRunner.privateRun(TestRunner.java:648)
at org.testng.TestRunner.run(TestRunner.java:505)
at org.testng.SuiteRunner.runTest(SuiteRunner.java:455)
at org.testng.SuiteRunner.access$000(SuiteRunner.java:40)
at org.testng.SuiteRunner$SuiteWorker.run(SuiteRunner.java:489)
at org.testng.internal.thread.ThreadUtil$1.call(ThreadUtil.java:52)
at java.util.concurrent.FutureTask.run(FutureTask.java:266)
at java.util.concurrent.ThreadPoolExecutor.runWorker(ThreadPoolExecutor.java:1149)
at java.util.concurrent.ThreadPoolExecutor$Worker.run(ThreadPoolExecutor.java:624)
at java.lang.Thread.run(Thread.java:748)
]]>
    </error>
  </testcase> <!-- scripts -->
</testsuite> <!-- com.scriptspts.examples.TC_02_Example_HttpClient.PayPal.ID_02_Test1 -->
