<?xml version="1.0" encoding="UTF-8"?>
<!-- Generated by org.testng.reporters.JUnitReportReporter -->
<testsuite hostname="BUL0000566.local" failures="0" tests="1" name="com.test_scripts.poker.sportsbook.ID_09_GetFootballSportTree" time="1.831" errors="1" timestamp="09 Aug 2019 12:18:36 GMT" skipped="0">
  <testcase classname="com.test_scripts.poker.sportsbook.ID_09_GetFootballSportTree" name="getFootballTree" time="1.831">
    <error message="class net.minidev.json.JSONArray cannot be cast to class com.google.gson.JsonArray (net.minidev.json.JSONArray and com.google.gson.JsonArray are in unnamed module of loader &#039;app&#039;)" type="java.lang.ClassCastException">
        <![CDATA[java.lang.ClassCastException: class net.minidev.json.JSONArray cannot be cast to class com.google.gson.JsonArray (net.minidev.json.JSONArray and com.google.gson.JsonArray are in unnamed module of loader 'app')
at com.test_scripts.poker.sportsbook.ID_09_GetFootballSportTree.getFootballTree(ID_09_GetFootballSportTree.java:138)
at java.base/jdk.internal.reflect.NativeMethodAccessorImpl.invoke0(Native Method)
at java.base/jdk.internal.reflect.NativeMethodAccessorImpl.invoke(NativeMethodAccessorImpl.java:62)
at java.base/jdk.internal.reflect.DelegatingMethodAccessorImpl.invoke(DelegatingMethodAccessorImpl.java:43)
at java.base/java.lang.reflect.Method.invoke(Method.java:566)
at org.testng.internal.MethodInvocationHelper.invokeMethod(MethodInvocationHelper.java:124)
at org.testng.internal.Invoker.invokeMethod(Invoker.java:583)
at org.testng.internal.Invoker.invokeTestMethod(Invoker.java:719)
at org.testng.internal.Invoker.invokeTestMethods(Invoker.java:989)
at org.testng.internal.TestMethodWorker.invokeTestMethods(TestMethodWorker.java:125)
at org.testng.internal.TestMethodWorker.run(TestMethodWorker.java:109)
at org.testng.TestRunner.privateRun(TestRunner.java:648)
at org.testng.TestRunner.run(TestRunner.java:505)
at org.testng.SuiteRunner.runTest(SuiteRunner.java:455)
at org.testng.SuiteRunner.access$000(SuiteRunner.java:40)
at org.testng.SuiteRunner$SuiteWorker.run(SuiteRunner.java:489)
at org.testng.internal.thread.ThreadUtil$1.call(ThreadUtil.java:52)
at java.base/java.util.concurrent.FutureTask.run(FutureTask.java:264)
at java.base/java.util.concurrent.ThreadPoolExecutor.runWorker(ThreadPoolExecutor.java:1128)
at java.base/java.util.concurrent.ThreadPoolExecutor$Worker.run(ThreadPoolExecutor.java:628)
at java.base/java.lang.Thread.run(Thread.java:834)
]]>
    </error>
  </testcase> <!-- getFootballTree -->
</testsuite> <!-- com.scriptspts.uat.sportsbookk.ID_09_GetFootballSportTree -->
