<?xml version="1.0" encoding="UTF-8"?>
<!-- Generated by org.testng.reporters.JUnitReportReporter -->
<testsuite hostname="BUL0000566.local" failures="0" tests="10" name="com.demo.tests.TestCase_04" time="24.824" errors="1" timestamp="28 Nov 2019 08:38:18 GMT" skipped="0">
  <testcase classname="com.demo.tests.TestCase_04" name="checkUI" time="15.277">
    <error message="element not interactable
  (Session info: chrome=78.0.3904.108)
Build info: version: &#039;unknown&#039;, revision: &#039;unknown&#039;, time: &#039;unknown&#039;
System info: host: &#039;BUL0000566.local&#039;, ip: &#039;fe80:0:0:0:10fe:824b:dc59:e547%en0&#039;, os.name: &#039;Mac OS X&#039;, os.arch: &#039;x86_64&#039;, os.version: &#039;10.14.6&#039;, java.version: &#039;11.0.4&#039;
Driver info: org.openqa.selenium.chrome.ChromeDriver
Capabilities {acceptInsecureCerts: false, browserName: chrome, browserVersion: 78.0.3904.108, chrome: {chromedriverVersion: 77.0.3865.40 (f484704e052e0..., userDataDir: /var/folders/qt/qkf6d8qs7ml...}, goog:chromeOptions: {debuggerAddress: localhost:53628}, javascriptEnabled: true, networkConnectionEnabled: false, pageLoadStrategy: normal, platform: MAC, platformName: MAC, proxy: Proxy(), setWindowRect: true, strictFileInteractability: false, timeouts: {implicit: 0, pageLoad: 300000, script: 30000}, unhandledPromptBehavior: dismiss and notify}
Session ID: 864bd73db8e60b8eda7bc494b9b47522" type="org.openqa.selenium.ElementNotInteractableException">
        <![CDATA[org.openqa.selenium.ElementNotInteractableException: element not interactable
  (Session info: chrome=78.0.3904.108)
Build info: version: 'unknown', revision: 'unknown', time: 'unknown'
System info: host: 'BUL0000566.local', ip: 'fe80:0:0:0:10fe:824b:dc59:e547%en0', os.name: 'Mac OS X', os.arch: 'x86_64', os.version: '10.14.6', java.version: '11.0.4'
Driver info: org.openqa.selenium.chrome.ChromeDriver
Capabilities {acceptInsecureCerts: false, browserName: chrome, browserVersion: 78.0.3904.108, chrome: {chromedriverVersion: 77.0.3865.40 (f484704e052e0..., userDataDir: /var/folders/qt/qkf6d8qs7ml...}, goog:chromeOptions: {debuggerAddress: localhost:53628}, javascriptEnabled: true, networkConnectionEnabled: false, pageLoadStrategy: normal, platform: MAC, platformName: MAC, proxy: Proxy(), setWindowRect: true, strictFileInteractability: false, timeouts: {implicit: 0, pageLoad: 300000, script: 30000}, unhandledPromptBehavior: dismiss and notify}
Session ID: 864bd73db8e60b8eda7bc494b9b47522
at com.demo.config.BasicTestConfig.report(BasicSetup.java:217)
at java.base/jdk.internal.reflect.NativeMethodAccessorImpl.invoke0(Native Method)
at java.base/jdk.internal.reflect.NativeMethodAccessorImpl.invoke(NativeMethodAccessorImpl.java:62)
at java.base/jdk.internal.reflect.DelegatingMethodAccessorImpl.invoke(DelegatingMethodAccessorImpl.java:43)
at java.base/java.lang.reflect.Method.invoke(Method.java:566)
at org.testng.internal.MethodInvocationHelper.invokeMethod(MethodInvocationHelper.java:124)
at org.testng.internal.MethodInvocationHelper.invokeMethodConsideringTimeout(MethodInvocationHelper.java:59)
at org.testng.internal.Invoker.invokeConfigurationMethod(Invoker.java:458)
at org.testng.internal.Invoker.invokeConfigurations(Invoker.java:222)
at org.testng.internal.Invoker.invokeMethod(Invoker.java:646)
at org.testng.internal.Invoker.invokeTestMethod(Invoker.java:719)
at org.testng.internal.Invoker.invokeTestMethods(Invoker.java:989)
at org.testng.internal.TestMethodWorker.invokeTestMethods(TestMethodWorker.java:125)
at org.testng.internal.TestMethodWorker.run(TestMethodWorker.java:109)
at org.testng.TestRunner.privateRun(TestRunner.java:648)
at org.testng.TestRunner.run(TestRunner.java:505)
at org.testng.SuiteRunner.runTest(SuiteRunner.java:455)
at org.testng.SuiteRunner.access$000(SuiteRunner.java:40)
at org.testng.SuiteRunner$SuiteWorker.run(SuiteRunner.java:489)
at org.testng.internal.thread.ThreadUtil$1.call(ThreadUtil.java:52)
at java.base/java.util.concurrent.FutureTask.run(FutureTask.java:264)
at java.base/java.util.concurrent.ThreadPoolExecutor.runWorker(ThreadPoolExecutor.java:1128)
at java.base/java.util.concurrent.ThreadPoolExecutor$Worker.run(ThreadPoolExecutor.java:628)
at java.base/java.lang.Thread.run(Thread.java:834)
]]>
    </error>
  </testcase> <!-- checkUI -->
  <testcase classname="com.demo.tests.TestCase_04" name="cmsLogin" time="1.698"/>
  <testcase classname="com.demo.tests.TestCase_04" name="addBonusCampaign" time="1.407"/>
  <testcase classname="com.demo.tests.TestCase_04" name="ramLogin" time="1.326"/>
  <testcase classname="com.demo.tests.TestCase_04" name="uploadFile" time="1.831"/>
  <testcase classname="com.demo.tests.TestCase_04" name="sessionID" time="1.214"/>
  <testcase classname="com.demo.tests.TestCase_04" name="getSportsbookEvent" time="0.288"/>
  <testcase classname="com.demo.tests.TestCase_04" name="placeFreeBet" time="0.329"/>
  <testcase classname="com.demo.tests.TestCase_04" name="externalLogin" time="0.715"/>
  <testcase classname="com.demo.tests.TestCase_04" name="userBonusEntitlements" time="0.739"/>
</testsuite> <!-- com.test_suites_suites.TC_01_Freebet_Freebet -->
